2017-12-07 11:44:27 27 [Warning] Using unique option prefix myisam-recover instead of myisam-recover-options is deprecated and will be removed in a future release. Please use the full name instead.
2017-12-07 11:44:27 27 [Note] Plugin 'FEDERATED' is disabled.
2017-12-07 11:44:27 27 [Note] InnoDB: Using atomics to ref count buffer pool pages
2017-12-07 11:44:27 27 [Note] InnoDB: The InnoDB memory heap is disabled
2017-12-07 11:44:27 27 [Note] InnoDB: Mutexes and rw_locks use GCC atomic builtins
2017-12-07 11:44:27 27 [Note] InnoDB: Memory barrier is not used
2017-12-07 11:44:27 27 [Note] InnoDB: Compressed tables use zlib 1.2.3
2017-12-07 11:44:27 27 [Note] InnoDB: Using Linux native AIO
2017-12-07 11:44:27 27 [Note] InnoDB: Using CPU crc32 instructions
2017-12-07 11:44:27 27 [Note] InnoDB: Initializing buffer pool, size = 8.0M
2017-12-07 11:44:27 27 [Note] InnoDB: Completed initialization of buffer pool
2017-12-07 11:44:27 27 [Note] InnoDB: Highest supported file format is Barracuda.
2017-12-07 11:44:27 27 [Note] InnoDB: The log sequence numbers 1625987 and 1625987 in ibdata files do not match the log sequence number 1625997 in the ib_logfiles!
2017-12-07 11:44:27 27 [Note] InnoDB: Database was not shutdown normally!
2017-12-07 11:44:27 27 [Note] InnoDB: Starting crash recovery.
2017-12-07 11:44:27 27 [Note] InnoDB: Reading tablespace information from the .ibd files...
2017-12-07 11:44:27 27 [Note] InnoDB: Restoring possible half-written data pages 
2017-12-07 11:44:27 27 [Note] InnoDB: from the doublewrite buffer...
2017-12-07 11:44:28 27 [Note] InnoDB: 128 rollback segment(s) are active.
2017-12-07 11:44:28 27 [Note] InnoDB: Waiting for purge to start
2017-12-07 11:44:28 27 [Note] InnoDB: 5.6.37 started; log sequence number 1625997
2017-12-07 11:44:28 27 [Note] Server hostname (bind-address): '*'; port: 3306
2017-12-07 11:44:28 27 [Note] IPv6 is available.
2017-12-07 11:44:28 27 [Note]   - '::' resolves to '::';
2017-12-07 11:44:28 27 [Note] Server socket created on IP: '::'.
2017-12-07 11:44:28 27 [ERROR] /usr/sbin/mysqld: Table './mysql/user' is marked as crashed and should be repaired
2017-12-07 11:44:28 27 [Warning] Checking table:   './mysql/user'
2017-12-07 11:44:28 27 [ERROR] 1 client is using or hasn't closed the table properly
2017-12-07 11:44:28 27 [Warning] 'user' entry 'root@e24d0b5cccc1' ignored in --skip-name-resolve mode.
2017-12-07 11:44:28 27 [Warning] 'user' entry '@e24d0b5cccc1' ignored in --skip-name-resolve mode.
2017-12-07 11:44:28 27 [Warning] 'proxies_priv' entry '@ root@e24d0b5cccc1' ignored in --skip-name-resolve mode.
2017-12-07 11:44:28 27 [Note] Event Scheduler: Loaded 0 events
2017-12-07 11:44:28 27 [Note] /usr/sbin/mysqld: ready for connections.
Version: '5.6.37'  socket: '/var/run/mysqld/mysqld.sock'  port: 3306  MySQL Community Server (GPL)
2017-12-07 11:52:52 43 [Warning] Using unique option prefix myisam-recover instead of myisam-recover-options is deprecated and will be removed in a future release. Please use the full name instead.
2017-12-07 11:52:52 43 [Note] Plugin 'FEDERATED' is disabled.
2017-12-07 11:52:52 43 [Note] InnoDB: Using atomics to ref count buffer pool pages
2017-12-07 11:52:52 43 [Note] InnoDB: The InnoDB memory heap is disabled
2017-12-07 11:52:52 43 [Note] InnoDB: Mutexes and rw_locks use GCC atomic builtins
2017-12-07 11:52:52 43 [Note] InnoDB: Memory barrier is not used
2017-12-07 11:52:52 43 [Note] InnoDB: Compressed tables use zlib 1.2.3
2017-12-07 11:52:52 43 [Note] InnoDB: Using Linux native AIO
2017-12-07 11:52:52 43 [Note] InnoDB: Using CPU crc32 instructions
2017-12-07 11:52:52 43 [Note] InnoDB: Initializing buffer pool, size = 8.0M
2017-12-07 11:52:52 43 [Note] InnoDB: Completed initialization of buffer pool
2017-12-07 11:52:52 43 [Note] InnoDB: Highest supported file format is Barracuda.
2017-12-07 11:52:52 43 [Note] InnoDB: The log sequence numbers 1625987 and 1625987 in ibdata files do not match the log sequence number 2441101 in the ib_logfiles!
2017-12-07 11:52:52 43 [Note] InnoDB: Database was not shutdown normally!
2017-12-07 11:52:52 43 [Note] InnoDB: Starting crash recovery.
2017-12-07 11:52:52 43 [Note] InnoDB: Reading tablespace information from the .ibd files...
2017-12-07 11:52:52 43 [Note] InnoDB: Restoring possible half-written data pages 
2017-12-07 11:52:52 43 [Note] InnoDB: from the doublewrite buffer...
2017-12-07 11:52:52 43 [Note] InnoDB: 128 rollback segment(s) are active.
2017-12-07 11:52:52 43 [Note] InnoDB: Waiting for purge to start
2017-12-07 11:52:52 43 [Note] InnoDB: 5.6.37 started; log sequence number 2441101
2017-12-07 11:52:52 43 [Note] Server hostname (bind-address): '*'; port: 3306
2017-12-07 11:52:52 43 [Note] IPv6 is available.
2017-12-07 11:52:52 43 [Note]   - '::' resolves to '::';
2017-12-07 11:52:52 43 [Note] Server socket created on IP: '::'.
2017-12-07 11:52:52 43 [Warning] 'user' entry 'root@e24d0b5cccc1' ignored in --skip-name-resolve mode.
2017-12-07 11:52:52 43 [Warning] 'user' entry '@e24d0b5cccc1' ignored in --skip-name-resolve mode.
2017-12-07 11:52:52 43 [Warning] 'proxies_priv' entry '@ root@e24d0b5cccc1' ignored in --skip-name-resolve mode.
2017-12-07 11:52:52 43 [Note] Event Scheduler: Loaded 0 events
2017-12-07 11:52:52 43 [Note] /usr/sbin/mysqld: ready for connections.
Version: '5.6.37'  socket: '/var/run/mysqld/mysqld.sock'  port: 3306  MySQL Community Server (GPL)
2017-12-07 11:53:45 42 [Warning] Using unique option prefix myisam-recover instead of myisam-recover-options is deprecated and will be removed in a future release. Please use the full name instead.
2017-12-07 11:53:45 42 [Note] Plugin 'FEDERATED' is disabled.
2017-12-07 11:53:45 42 [Note] InnoDB: Using atomics to ref count buffer pool pages
2017-12-07 11:53:45 42 [Note] InnoDB: The InnoDB memory heap is disabled
2017-12-07 11:53:45 42 [Note] InnoDB: Mutexes and rw_locks use GCC atomic builtins
2017-12-07 11:53:45 42 [Note] InnoDB: Memory barrier is not used
2017-12-07 11:53:45 42 [Note] InnoDB: Compressed tables use zlib 1.2.3
2017-12-07 11:53:45 42 [Note] InnoDB: Using Linux native AIO
2017-12-07 11:53:45 42 [Note] InnoDB: Using CPU crc32 instructions
2017-12-07 11:53:45 42 [Note] InnoDB: Initializing buffer pool, size = 8.0M
2017-12-07 11:53:45 42 [Note] InnoDB: Completed initialization of buffer pool
2017-12-07 11:53:45 42 [Note] InnoDB: Highest supported file format is Barracuda.
2017-12-07 11:53:45 42 [Note] InnoDB: The log sequence numbers 1625987 and 1625987 in ibdata files do not match the log sequence number 2441111 in the ib_logfiles!
2017-12-07 11:53:45 42 [Note] InnoDB: Database was not shutdown normally!
2017-12-07 11:53:45 42 [Note] InnoDB: Starting crash recovery.
2017-12-07 11:53:45 42 [Note] InnoDB: Reading tablespace information from the .ibd files...
2017-12-07 11:53:45 42 [Note] InnoDB: Restoring possible half-written data pages 
2017-12-07 11:53:45 42 [Note] InnoDB: from the doublewrite buffer...
2017-12-07 11:53:45 42 [Note] InnoDB: 128 rollback segment(s) are active.
2017-12-07 11:53:45 42 [Note] InnoDB: Waiting for purge to start
2017-12-07 11:53:45 42 [Note] InnoDB: 5.6.37 started; log sequence number 2441111
2017-12-07 11:53:45 42 [Note] Server hostname (bind-address): '*'; port: 3306
2017-12-07 11:53:45 42 [Note] IPv6 is available.
2017-12-07 11:53:45 42 [Note]   - '::' resolves to '::';
2017-12-07 11:53:45 42 [Note] Server socket created on IP: '::'.
2017-12-07 11:53:45 42 [Warning] 'user' entry 'root@e24d0b5cccc1' ignored in --skip-name-resolve mode.
2017-12-07 11:53:45 42 [Warning] 'user' entry '@e24d0b5cccc1' ignored in --skip-name-resolve mode.
2017-12-07 11:53:45 42 [Warning] 'proxies_priv' entry '@ root@e24d0b5cccc1' ignored in --skip-name-resolve mode.
2017-12-07 11:53:45 42 [Note] Event Scheduler: Loaded 0 events
2017-12-07 11:53:45 42 [Note] /usr/sbin/mysqld: ready for connections.
Version: '5.6.37'  socket: '/var/run/mysqld/mysqld.sock'  port: 3306  MySQL Community Server (GPL)
2017-12-10 18:38:47 42 [Note] /usr/sbin/mysqld: Normal shutdown

2017-12-10 18:38:47 42 [Note] Giving 0 client threads a chance to die gracefully
2017-12-10 18:38:47 42 [Note] Event Scheduler: Purging the queue. 0 events
2017-12-10 18:38:47 42 [Note] Shutting down slave threads
2017-12-10 18:38:47 42 [Note] Forcefully disconnecting 0 remaining clients
2017-12-10 18:38:47 42 [Note] Binlog end
2017-12-10 18:38:47 42 [Note] Shutting down plugin 'partition'
2017-12-10 18:38:47 42 [Note] Shutting down plugin 'INNODB_SYS_DATAFILES'
2017-12-10 18:38:47 42 [Note] Shutting down plugin 'INNODB_SYS_TABLESPACES'
2017-12-10 18:38:47 42 [Note] Shutting down plugin 'INNODB_SYS_FOREIGN_COLS'
2017-12-10 18:38:47 42 [Note] Shutting down plugin 'INNODB_SYS_FOREIGN'
2017-12-10 18:38:47 42 [Note] Shutting down plugin 'INNODB_SYS_FIELDS'
2017-12-10 18:38:47 42 [Note] Shutting down plugin 'INNODB_SYS_COLUMNS'
2017-12-10 18:38:47 42 [Note] Shutting down plugin 'INNODB_SYS_INDEXES'
2017-12-10 18:38:47 42 [Note] Shutting down plugin 'INNODB_SYS_TABLESTATS'
2017-12-10 18:38:47 42 [Note] Shutting down plugin 'INNODB_SYS_TABLES'
2017-12-10 18:38:47 42 [Note] Shutting down plugin 'INNODB_FT_INDEX_TABLE'
2017-12-10 18:38:47 42 [Note] Shutting down plugin 'INNODB_FT_INDEX_CACHE'
2017-12-10 18:38:47 42 [Note] Shutting down plugin 'INNODB_FT_CONFIG'
2017-12-10 18:38:47 42 [Note] Shutting down plugin 'INNODB_FT_BEING_DELETED'
2017-12-10 18:38:47 42 [Note] Shutting down plugin 'INNODB_FT_DELETED'
2017-12-10 18:38:47 42 [Note] Shutting down plugin 'INNODB_FT_DEFAULT_STOPWORD'
2017-12-10 18:38:47 42 [Note] Shutting down plugin 'INNODB_METRICS'
2017-12-10 18:38:47 42 [Note] Shutting down plugin 'INNODB_BUFFER_POOL_STATS'
2017-12-10 18:38:47 42 [Note] Shutting down plugin 'INNODB_BUFFER_PAGE_LRU'
2017-12-10 18:38:47 42 [Note] Shutting down plugin 'INNODB_BUFFER_PAGE'
2017-12-10 18:38:47 42 [Note] Shutting down plugin 'INNODB_CMP_PER_INDEX_RESET'
2017-12-10 18:38:47 42 [Note] Shutting down plugin 'INNODB_CMP_PER_INDEX'
2017-12-10 18:38:47 42 [Note] Shutting down plugin 'INNODB_CMPMEM_RESET'
2017-12-10 18:38:47 42 [Note] Shutting down plugin 'INNODB_CMPMEM'
2017-12-10 18:38:47 42 [Note] Shutting down plugin 'INNODB_CMP_RESET'
2017-12-10 18:38:47 42 [Note] Shutting down plugin 'INNODB_CMP'
2017-12-10 18:38:47 42 [Note] Shutting down plugin 'INNODB_LOCK_WAITS'
2017-12-10 18:38:47 42 [Note] Shutting down plugin 'INNODB_LOCKS'
2017-12-10 18:38:47 42 [Note] Shutting down plugin 'INNODB_TRX'
2017-12-10 18:38:47 42 [Note] Shutting down plugin 'InnoDB'
2017-12-10 18:38:47 42 [Note] InnoDB: FTS optimize thread exiting.
2017-12-10 18:38:47 42 [Note] InnoDB: Starting shutdown...
2017-12-10 18:40:23 38 [Warning] Using unique option prefix myisam-recover instead of myisam-recover-options is deprecated and will be removed in a future release. Please use the full name instead.
2017-12-10 18:40:23 38 [Note] Plugin 'FEDERATED' is disabled.
2017-12-10 18:40:23 38 [Note] InnoDB: Using atomics to ref count buffer pool pages
2017-12-10 18:40:23 38 [Note] InnoDB: The InnoDB memory heap is disabled
2017-12-10 18:40:23 38 [Note] InnoDB: Mutexes and rw_locks use GCC atomic builtins
2017-12-10 18:40:23 38 [Note] InnoDB: Memory barrier is not used
2017-12-10 18:40:23 38 [Note] InnoDB: Compressed tables use zlib 1.2.3
2017-12-10 18:40:23 38 [Note] InnoDB: Using Linux native AIO
2017-12-10 18:40:23 38 [Note] InnoDB: Using CPU crc32 instructions
2017-12-10 18:40:23 38 [Note] InnoDB: Initializing buffer pool, size = 8.0M
2017-12-10 18:40:23 38 [Note] InnoDB: Completed initialization of buffer pool
2017-12-10 18:40:23 38 [Note] InnoDB: Highest supported file format is Barracuda.
2017-12-10 18:40:23 38 [Note] InnoDB: 128 rollback segment(s) are active.
2017-12-10 18:40:23 38 [Note] InnoDB: Waiting for purge to start
2017-12-10 18:40:23 38 [Note] InnoDB: 5.6.37 started; log sequence number 3512126
2017-12-10 18:40:23 38 [Note] Server hostname (bind-address): '*'; port: 3306
2017-12-10 18:40:23 38 [Note] IPv6 is available.
2017-12-10 18:40:23 38 [Note]   - '::' resolves to '::';
2017-12-10 18:40:23 38 [Note] Server socket created on IP: '::'.
2017-12-10 18:40:23 38 [Warning] 'user' entry 'root@e24d0b5cccc1' ignored in --skip-name-resolve mode.
2017-12-10 18:40:23 38 [Warning] 'user' entry '@e24d0b5cccc1' ignored in --skip-name-resolve mode.
2017-12-10 18:40:23 38 [Warning] 'proxies_priv' entry '@ root@e24d0b5cccc1' ignored in --skip-name-resolve mode.
2017-12-10 18:40:23 38 [Note] Event Scheduler: Loaded 0 events
2017-12-10 18:40:23 38 [Note] /usr/sbin/mysqld: ready for connections.
Version: '5.6.37'  socket: '/var/run/mysqld/mysqld.sock'  port: 3306  MySQL Community Server (GPL)
